<?xml version="1.0" encoding="UTF-8"?>
<coverage generated="1648997812211" clover="3.2.0">
  <project timestamp="1648997812212" name="All files">
    <metrics statements="88" coveredstatements="78" conditionals="30" coveredconditionals="25" methods="25" coveredmethods="23" elements="143" coveredelements="126" complexity="0" loc="88" ncloc="88" packages="5" files="6" classes="6"/>
    <package name="config">
      <metrics statements="2" coveredstatements="2" conditionals="2" coveredconditionals="2" methods="0" coveredmethods="0"/>
      <file name="index.ts" path="/home/damian/proyectos/challenges/RatherLabsChallege/src/config/index.ts">
        <metrics statements="2" coveredstatements="2" conditionals="2" coveredconditionals="2" methods="0" coveredmethods="0"/>
        <line num="1" count="3" type="stmt"/>
        <line num="20" count="3" type="stmt"/>
      </file>
    </package>
    <package name="consumer">
      <metrics statements="26" coveredstatements="16" conditionals="6" coveredconditionals="3" methods="3" coveredmethods="2"/>
      <file name="listener.ts" path="/home/damian/proyectos/challenges/RatherLabsChallege/src/consumer/listener.ts">
        <metrics statements="26" coveredstatements="16" conditionals="6" coveredconditionals="3" methods="3" coveredmethods="2"/>
        <line num="5" count="1" type="stmt"/>
        <line num="11" count="1" type="stmt"/>
        <line num="15" count="1" type="stmt"/>
        <line num="19" count="1" type="stmt"/>
        <line num="24" count="1" type="stmt"/>
        <line num="28" count="2" type="stmt"/>
        <line num="31" count="2" type="stmt"/>
        <line num="34" count="2" type="cond" truecount="0" falsecount="1"/>
        <line num="35" count="0" type="stmt"/>
        <line num="36" count="0" type="stmt"/>
        <line num="40" count="2" type="cond" truecount="3" falsecount="0"/>
        <line num="41" count="1" type="stmt"/>
        <line num="42" count="1" type="stmt"/>
        <line num="43" count="1" type="stmt"/>
        <line num="46" count="1" type="stmt"/>
        <line num="50" count="1" type="stmt"/>
        <line num="51" count="0" type="stmt"/>
        <line num="55" count="0" type="stmt"/>
        <line num="57" count="0" type="stmt"/>
        <line num="59" count="0" type="cond" truecount="0" falsecount="2"/>
        <line num="60" count="0" type="stmt"/>
        <line num="61" count="0" type="stmt"/>
        <line num="63" count="0" type="stmt"/>
        <line num="66" count="0" type="stmt"/>
        <line num="71" count="1" type="stmt"/>
        <line num="72" count="1" type="stmt"/>
      </file>
    </package>
    <package name="consumer.biz">
      <metrics statements="18" coveredstatements="18" conditionals="6" coveredconditionals="6" methods="3" coveredmethods="3"/>
      <file name="bidasks.ts" path="/home/damian/proyectos/challenges/RatherLabsChallege/src/consumer/biz/bidasks.ts">
        <metrics statements="18" coveredstatements="18" conditionals="6" coveredconditionals="6" methods="3" coveredmethods="3"/>
        <line num="5" count="2" type="stmt"/>
        <line num="8" count="2" type="stmt"/>
        <line num="9" count="8" type="cond" truecount="2" falsecount="0"/>
        <line num="10" count="5" type="stmt"/>
        <line num="12" count="3" type="stmt"/>
        <line num="17" count="2" type="stmt"/>
        <line num="18" count="3" type="cond" truecount="1" falsecount="0"/>
        <line num="19" count="1" type="stmt"/>
        <line num="22" count="3" type="cond" truecount="1" falsecount="0"/>
        <line num="23" count="1" type="stmt"/>
        <line num="28" count="2" type="stmt"/>
        <line num="33" count="3" type="stmt"/>
        <line num="35" count="3" type="stmt"/>
        <line num="37" count="3" type="cond" truecount="1" falsecount="0"/>
        <line num="39" count="3" type="cond" truecount="1" falsecount="0"/>
        <line num="43" count="2" type="stmt"/>
        <line num="44" count="2" type="stmt"/>
        <line num="45" count="2" type="stmt"/>
      </file>
    </package>
    <package name="consumer.message">
      <metrics statements="15" coveredstatements="15" conditionals="14" coveredconditionals="14" methods="7" coveredmethods="7"/>
      <file name="parsers.ts" path="/home/damian/proyectos/challenges/RatherLabsChallege/src/consumer/message/parsers.ts">
        <metrics statements="8" coveredstatements="8" conditionals="2" coveredconditionals="2" methods="4" coveredmethods="4"/>
        <line num="6" count="2" type="stmt"/>
        <line num="11" count="5" type="stmt"/>
        <line num="18" count="3" type="cond" truecount="2" falsecount="0"/>
        <line num="20" count="2" type="stmt"/>
        <line num="23" count="2" type="stmt"/>
        <line num="30" count="2" type="stmt"/>
        <line num="31" count="2" type="stmt"/>
        <line num="32" count="2" type="stmt"/>
      </file>
      <file name="validators.ts" path="/home/damian/proyectos/challenges/RatherLabsChallege/src/consumer/message/validators.ts">
        <metrics statements="7" coveredstatements="7" conditionals="12" coveredconditionals="12" methods="3" coveredmethods="3"/>
        <line num="2" count="11" type="cond" truecount="5" falsecount="0"/>
        <line num="9" count="3" type="stmt"/>
        <line num="11" count="3" type="cond" truecount="4" falsecount="0"/>
        <line num="14" count="4" type="cond" truecount="3" falsecount="0"/>
        <line num="16" count="1" type="stmt"/>
        <line num="20" count="3" type="stmt"/>
        <line num="21" count="3" type="stmt"/>
      </file>
    </package>
    <package name="store">
      <metrics statements="27" coveredstatements="27" conditionals="2" coveredconditionals="0" methods="12" coveredmethods="11"/>
      <file name="book.ts" path="/home/damian/proyectos/challenges/RatherLabsChallege/src/store/book.ts">
        <metrics statements="27" coveredstatements="27" conditionals="2" coveredconditionals="0" methods="12" coveredmethods="11"/>
        <line num="7" count="3" type="stmt"/>
        <line num="9" count="3" type="stmt"/>
        <line num="10" count="3" type="stmt"/>
        <line num="13" count="3" type="stmt"/>
        <line num="14" count="16" type="stmt"/>
        <line num="18" count="3" type="stmt"/>
        <line num="19" count="16" type="stmt"/>
        <line num="20" count="18" type="stmt"/>
        <line num="28" count="34" type="stmt"/>
        <line num="31" count="3" type="stmt"/>
        <line num="34" count="20" type="stmt"/>
        <line num="37" count="3" type="stmt"/>
        <line num="40" count="3" type="stmt"/>
        <line num="41" count="9" type="stmt"/>
        <line num="44" count="9" type="stmt"/>
        <line num="47" count="9" type="cond" truecount="0" falsecount="1"/>
        <line num="51" count="3" type="stmt"/>
        <line num="52" count="8" type="stmt"/>
        <line num="55" count="8" type="stmt"/>
        <line num="58" count="8" type="cond" truecount="0" falsecount="1"/>
        <line num="62" count="3" type="stmt"/>
        <line num="63" count="2" type="stmt"/>
        <line num="64" count="2" type="stmt"/>
        <line num="68" count="3" type="stmt"/>
        <line num="69" count="2" type="stmt"/>
        <line num="70" count="2" type="stmt"/>
        <line num="73" count="3" type="stmt"/>
      </file>
    </package>
  </project>
</coverage>
