{"/home/damian/proyectos/challenges/RatherLabsChallege/src/config/index.ts": {"path":"/home/damian/proyectos/challenges/RatherLabsChallege/src/config/index.ts","statementMap":{"0":{"start":{"line":1,"column":15},"end":{"line":18,"column":2}},"1":{"start":{"line":20,"column":0},"end":{"line":20,"column":14}}},"fnMap":{},"branchMap":{"0":{"loc":{"start":{"line":8,"column":11},"end":{"line":8,"column":39}},"type":"binary-expr","locations":[{"start":{"line":8,"column":11},"end":{"line":8,"column":33}},{"start":{"line":8,"column":37},"end":{"line":8,"column":39}}]}},"s":{"0":3,"1":3},"f":{},"b":{"0":[3,3]}}
,"/home/damian/proyectos/challenges/RatherLabsChallege/src/consumer/listener.ts": {"path":"/home/damian/proyectos/challenges/RatherLabsChallege/src/consumer/listener.ts","statementMap":{"0":{"start":{"line":5,"column":0},"end":{"line":5,"column":33}},"1":{"start":{"line":11,"column":0},"end":{"line":11,"column":null}},"2":{"start":{"line":15,"column":0},"end":{"line":15,"column":null}},"3":{"start":{"line":19,"column":0},"end":{"line":19,"column":null}},"4":{"start":{"line":24,"column":19},"end":{"line":47,"column":1}},"5":{"start":{"line":28,"column":6},"end":{"line":28,"column":14}},"6":{"start":{"line":31,"column":29},"end":{"line":31,"column":43}},"7":{"start":{"line":34,"column":2},"end":{"line":37,"column":null}},"8":{"start":{"line":35,"column":4},"end":{"line":35,"column":73}},"9":{"start":{"line":36,"column":4},"end":{"line":36,"column":16}},"10":{"start":{"line":40,"column":2},"end":{"line":44,"column":null}},"11":{"start":{"line":41,"column":4},"end":{"line":41,"column":42}},"12":{"start":{"line":42,"column":4},"end":{"line":42,"column":50}},"13":{"start":{"line":42,"column":26},"end":{"line":42,"column":48}},"14":{"start":{"line":43,"column":4},"end":{"line":43,"column":16}},"15":{"start":{"line":46,"column":2},"end":{"line":46,"column":14}},"16":{"start":{"line":72,"column":2},"end":{"line":72,"column":12}},"17":{"start":{"line":50,"column":18},"end":{"line":68,"column":1}},"18":{"start":{"line":51,"column":2},"end":{"line":67,"column":null}},"19":{"start":{"line":55,"column":8},"end":{"line":55,"column":15}},"20":{"start":{"line":57,"column":20},"end":{"line":57,"column":46}},"21":{"start":{"line":59,"column":4},"end":{"line":64,"column":null}},"22":{"start":{"line":60,"column":21},"end":{"line":60,"column":49}},"23":{"start":{"line":61,"column":6},"end":{"line":61,"column":25}},"24":{"start":{"line":63,"column":6},"end":{"line":63,"column":36}},"25":{"start":{"line":66,"column":4},"end":{"line":66,"column":36}},"26":{"start":{"line":71,"column":2},"end":{"line":71,"column":11}}},"fnMap":{"0":{"name":"(anonymous_1)","decl":{"start":{"line":24,"column":19},"end":{"line":24,"column":20}},"loc":{"start":{"line":24,"column":42},"end":{"line":47,"column":1}}},"1":{"name":"(anonymous_2)","decl":{"start":{"line":42,"column":17},"end":{"line":42,"column":18}},"loc":{"start":{"line":42,"column":26},"end":{"line":42,"column":48}}},"2":{"name":"(anonymous_3)","decl":{"start":{"line":50,"column":18},"end":{"line":50,"column":19}},"loc":{"start":{"line":50,"column":61},"end":{"line":68,"column":1}}}},"branchMap":{"0":{"loc":{"start":{"line":34,"column":2},"end":{"line":37,"column":null}},"type":"if","locations":[{"start":{"line":34,"column":2},"end":{"line":37,"column":null}}]},"1":{"loc":{"start":{"line":40,"column":2},"end":{"line":44,"column":null}},"type":"if","locations":[{"start":{"line":40,"column":2},"end":{"line":44,"column":null}}]},"2":{"loc":{"start":{"line":40,"column":6},"end":{"line":40,"column":44}},"type":"binary-expr","locations":[{"start":{"line":40,"column":6},"end":{"line":40,"column":25}},{"start":{"line":40,"column":29},"end":{"line":40,"column":44}}]},"3":{"loc":{"start":{"line":59,"column":4},"end":{"line":64,"column":null}},"type":"if","locations":[{"start":{"line":59,"column":4},"end":{"line":64,"column":null}},{"start":{"line":62,"column":11},"end":{"line":64,"column":null}}]}},"s":{"0":1,"1":1,"2":1,"3":1,"4":1,"5":2,"6":2,"7":2,"8":0,"9":0,"10":2,"11":1,"12":1,"13":1,"14":1,"15":1,"16":1,"17":1,"18":0,"19":0,"20":0,"21":0,"22":0,"23":0,"24":0,"25":0,"26":1},"f":{"0":2,"1":1,"2":0},"b":{"0":[0],"1":[1],"2":[2,2],"3":[0,0]}}
,"/home/damian/proyectos/challenges/RatherLabsChallege/src/consumer/biz/bidasks.ts": {"path":"/home/damian/proyectos/challenges/RatherLabsChallege/src/consumer/biz/bidasks.ts","statementMap":{"0":{"start":{"line":5,"column":0},"end":{"line":5,"column":36}},"1":{"start":{"line":8,"column":23},"end":{"line":14,"column":1}},"2":{"start":{"line":9,"column":2},"end":{"line":13,"column":null}},"3":{"start":{"line":10,"column":4},"end":{"line":10,"column":38}},"4":{"start":{"line":12,"column":4},"end":{"line":12,"column":38}},"5":{"start":{"line":44,"column":2},"end":{"line":44,"column":16}},"6":{"start":{"line":17,"column":23},"end":{"line":25,"column":1}},"7":{"start":{"line":18,"column":2},"end":{"line":20,"column":null}},"8":{"start":{"line":19,"column":4},"end":{"line":19,"column":38}},"9":{"start":{"line":22,"column":2},"end":{"line":24,"column":null}},"10":{"start":{"line":23,"column":4},"end":{"line":23,"column":38}},"11":{"start":{"line":45,"column":2},"end":{"line":45,"column":16}},"12":{"start":{"line":28,"column":20},"end":{"line":40,"column":1}},"13":{"start":{"line":33,"column":6},"end":{"line":33,"column":14}},"14":{"start":{"line":35,"column":2},"end":{"line":35,"column":57}},"15":{"start":{"line":37,"column":2},"end":{"line":37,"column":64}},"16":{"start":{"line":37,"column":17},"end":{"line":37,"column":64}},"17":{"start":{"line":39,"column":2},"end":{"line":39,"column":66}},"18":{"start":{"line":39,"column":19},"end":{"line":39,"column":66}},"19":{"start":{"line":43,"column":2},"end":{"line":43,"column":13}}},"fnMap":{"0":{"name":"(anonymous_1)","decl":{"start":{"line":8,"column":23},"end":{"line":8,"column":24}},"loc":{"start":{"line":8,"column":59},"end":{"line":14,"column":1}}},"1":{"name":"(anonymous_2)","decl":{"start":{"line":17,"column":23},"end":{"line":17,"column":24}},"loc":{"start":{"line":17,"column":59},"end":{"line":25,"column":1}}},"2":{"name":"(anonymous_3)","decl":{"start":{"line":28,"column":20},"end":{"line":28,"column":21}},"loc":{"start":{"line":28,"column":56},"end":{"line":40,"column":1}}}},"branchMap":{"0":{"loc":{"start":{"line":9,"column":2},"end":{"line":13,"column":null}},"type":"if","locations":[{"start":{"line":9,"column":2},"end":{"line":13,"column":null}},{"start":{"line":11,"column":9},"end":{"line":13,"column":null}}]},"1":{"loc":{"start":{"line":18,"column":2},"end":{"line":20,"column":null}},"type":"if","locations":[{"start":{"line":18,"column":2},"end":{"line":20,"column":null}}]},"2":{"loc":{"start":{"line":22,"column":2},"end":{"line":24,"column":null}},"type":"if","locations":[{"start":{"line":22,"column":2},"end":{"line":24,"column":null}}]},"3":{"loc":{"start":{"line":37,"column":2},"end":{"line":37,"column":64}},"type":"if","locations":[{"start":{"line":37,"column":2},"end":{"line":37,"column":64}}]},"4":{"loc":{"start":{"line":39,"column":2},"end":{"line":39,"column":66}},"type":"if","locations":[{"start":{"line":39,"column":2},"end":{"line":39,"column":66}}]}},"s":{"0":2,"1":2,"2":8,"3":5,"4":3,"5":2,"6":2,"7":3,"8":1,"9":3,"10":1,"11":2,"12":2,"13":3,"14":3,"15":3,"16":2,"17":3,"18":1,"19":2},"f":{"0":8,"1":3,"2":3},"b":{"0":[5,3],"1":[1],"2":[1],"3":[2],"4":[1]}}
,"/home/damian/proyectos/challenges/RatherLabsChallege/src/consumer/message/parsers.ts": {"path":"/home/damian/proyectos/challenges/RatherLabsChallege/src/consumer/message/parsers.ts","statementMap":{"0":{"start":{"line":6,"column":0},"end":{"line":6,"column":null}},"1":{"start":{"line":11,"column":19},"end":{"line":15,"column":2}},"2":{"start":{"line":11,"column":66},"end":{"line":15,"column":2}},"3":{"start":{"line":30,"column":2},"end":{"line":30,"column":12}},"4":{"start":{"line":18,"column":22},"end":{"line":20,"column":60}},"5":{"start":{"line":18,"column":49},"end":{"line":20,"column":59}},"6":{"start":{"line":20,"column":45},"end":{"line":20,"column":58}},"7":{"start":{"line":32,"column":2},"end":{"line":32,"column":15}},"8":{"start":{"line":23,"column":22},"end":{"line":27,"column":2}},"9":{"start":{"line":23,"column":75},"end":{"line":27,"column":2}},"10":{"start":{"line":31,"column":2},"end":{"line":31,"column":15}}},"fnMap":{"0":{"name":"(anonymous_0)","decl":{"start":{"line":11,"column":19},"end":{"line":11,"column":20}},"loc":{"start":{"line":11,"column":66},"end":{"line":15,"column":2}}},"1":{"name":"(anonymous_1)","decl":{"start":{"line":18,"column":22},"end":{"line":18,"column":23}},"loc":{"start":{"line":18,"column":49},"end":{"line":20,"column":59}}},"2":{"name":"(anonymous_2)","decl":{"start":{"line":20,"column":13},"end":{"line":20,"column":14}},"loc":{"start":{"line":20,"column":45},"end":{"line":20,"column":58}}},"3":{"name":"(anonymous_3)","decl":{"start":{"line":23,"column":22},"end":{"line":23,"column":23}},"loc":{"start":{"line":23,"column":75},"end":{"line":27,"column":2}}}},"branchMap":{"0":{"loc":{"start":{"line":18,"column":49},"end":{"line":20,"column":59}},"type":"cond-expr","locations":[{"start":{"line":19,"column":4},"end":{"line":19,"column":22}},{"start":{"line":20,"column":4},"end":{"line":20,"column":59}}]}},"s":{"0":2,"1":2,"2":5,"3":2,"4":2,"5":3,"6":2,"7":2,"8":2,"9":1,"10":2},"f":{"0":5,"1":3,"2":2,"3":1},"b":{"0":[2,1]}}
,"/home/damian/proyectos/challenges/RatherLabsChallege/src/consumer/message/validators.ts": {"path":"/home/damian/proyectos/challenges/RatherLabsChallege/src/consumer/message/validators.ts","statementMap":{"0":{"start":{"line":2,"column":23},"end":{"line":6,"column":36}},"1":{"start":{"line":2,"column":45},"end":{"line":6,"column":36}},"2":{"start":{"line":21,"column":2},"end":{"line":21,"column":16}},"3":{"start":{"line":9,"column":24},"end":{"line":17,"column":1}},"4":{"start":{"line":11,"column":2},"end":{"line":11,"column":93}},"5":{"start":{"line":11,"column":80},"end":{"line":11,"column":93}},"6":{"start":{"line":14,"column":2},"end":{"line":14,"column":92}},"7":{"start":{"line":14,"column":58},"end":{"line":14,"column":75}},"8":{"start":{"line":14,"column":79},"end":{"line":14,"column":92}},"9":{"start":{"line":16,"column":2},"end":{"line":16,"column":14}},"10":{"start":{"line":20,"column":2},"end":{"line":20,"column":17}}},"fnMap":{"0":{"name":"(anonymous_0)","decl":{"start":{"line":2,"column":23},"end":{"line":2,"column":24}},"loc":{"start":{"line":2,"column":45},"end":{"line":6,"column":36}}},"1":{"name":"(anonymous_1)","decl":{"start":{"line":9,"column":24},"end":{"line":9,"column":25}},"loc":{"start":{"line":9,"column":46},"end":{"line":17,"column":1}}},"2":{"name":"(anonymous_2)","decl":{"start":{"line":14,"column":51},"end":{"line":14,"column":52}},"loc":{"start":{"line":14,"column":58},"end":{"line":14,"column":75}}}},"branchMap":{"0":{"loc":{"start":{"line":2,"column":45},"end":{"line":6,"column":36}},"type":"binary-expr","locations":[{"start":{"line":2,"column":45},"end":{"line":2,"column":64}},{"start":{"line":3,"column":7},"end":{"line":3,"column":24}},{"start":{"line":4,"column":8},"end":{"line":4,"column":35}},{"start":{"line":5,"column":8},"end":{"line":5,"column":35}},{"start":{"line":6,"column":8},"end":{"line":6,"column":35}}]},"1":{"loc":{"start":{"line":11,"column":2},"end":{"line":11,"column":93}},"type":"if","locations":[{"start":{"line":11,"column":2},"end":{"line":11,"column":93}}]},"2":{"loc":{"start":{"line":11,"column":8},"end":{"line":11,"column":77}},"type":"binary-expr","locations":[{"start":{"line":11,"column":8},"end":{"line":11,"column":28}},{"start":{"line":11,"column":32},"end":{"line":11,"column":50}},{"start":{"line":11,"column":54},"end":{"line":11,"column":77}}]},"3":{"loc":{"start":{"line":14,"column":2},"end":{"line":14,"column":92}},"type":"if","locations":[{"start":{"line":14,"column":2},"end":{"line":14,"column":92}}]},"4":{"loc":{"start":{"line":14,"column":8},"end":{"line":14,"column":76}},"type":"binary-expr","locations":[{"start":{"line":14,"column":8},"end":{"line":14,"column":32}},{"start":{"line":14,"column":36},"end":{"line":14,"column":76}}]}},"s":{"0":3,"1":11,"2":3,"3":3,"4":3,"5":1,"6":2,"7":4,"8":1,"9":1,"10":3},"f":{"0":11,"1":3,"2":4},"b":{"0":[11,11,7,7,7],"1":[1],"2":[3,3,3],"3":[1],"4":[2,2]}}
,"/home/damian/proyectos/challenges/RatherLabsChallege/src/store/book.ts": {"path":"/home/damian/proyectos/challenges/RatherLabsChallege/src/store/book.ts","statementMap":{"0":{"start":{"line":7,"column":0},"end":{"line":7,"column":31}},"1":{"start":{"line":9,"column":17},"end":{"line":9,"column":19}},"2":{"start":{"line":10,"column":21},"end":{"line":10,"column":39}},"3":{"start":{"line":13,"column":14},"end":{"line":15,"column":1}},"4":{"start":{"line":14,"column":2},"end":{"line":14,"column":12}},"5":{"start":{"line":18,"column":13},"end":{"line":25,"column":1}},"6":{"start":{"line":19,"column":2},"end":{"line":24,"column":5}},"7":{"start":{"line":20,"column":4},"end":{"line":23,"column":6}},"8":{"start":{"line":28,"column":12},"end":{"line":28,"column":57}},"9":{"start":{"line":28,"column":43},"end":{"line":28,"column":57}},"10":{"start":{"line":31,"column":12},"end":{"line":31,"column":28}},"11":{"start":{"line":31,"column":24},"end":{"line":31,"column":28}},"12":{"start":{"line":34,"column":24},"end":{"line":34,"column":78}},"13":{"start":{"line":34,"column":46},"end":{"line":34,"column":78}},"14":{"start":{"line":34,"column":68},"end":{"line":34,"column":77}},"15":{"start":{"line":37,"column":19},"end":{"line":37,"column":88}},"16":{"start":{"line":37,"column":41},"end":{"line":37,"column":88}},"17":{"start":{"line":40,"column":21},"end":{"line":48,"column":1}},"18":{"start":{"line":41,"column":30},"end":{"line":41,"column":39}},"19":{"start":{"line":44,"column":2},"end":{"line":44,"column":28}},"20":{"start":{"line":47,"column":2},"end":{"line":47,"column":84}},"21":{"start":{"line":47,"column":40},"end":{"line":47,"column":84}},"22":{"start":{"line":51,"column":21},"end":{"line":59,"column":1}},"23":{"start":{"line":52,"column":30},"end":{"line":52,"column":39}},"24":{"start":{"line":55,"column":2},"end":{"line":55,"column":28}},"25":{"start":{"line":58,"column":2},"end":{"line":58,"column":84}},"26":{"start":{"line":58,"column":40},"end":{"line":58,"column":84}},"27":{"start":{"line":62,"column":21},"end":{"line":65,"column":1}},"28":{"start":{"line":63,"column":30},"end":{"line":63,"column":39}},"29":{"start":{"line":64,"column":2},"end":{"line":64,"column":57}},"30":{"start":{"line":68,"column":21},"end":{"line":71,"column":1}},"31":{"start":{"line":69,"column":30},"end":{"line":69,"column":39}},"32":{"start":{"line":70,"column":2},"end":{"line":70,"column":57}},"33":{"start":{"line":73,"column":0},"end":{"line":84,"column":2}}},"fnMap":{"0":{"name":"(anonymous_1)","decl":{"start":{"line":13,"column":14},"end":{"line":13,"column":17}},"loc":{"start":{"line":13,"column":19},"end":{"line":15,"column":1}}},"1":{"name":"(anonymous_2)","decl":{"start":{"line":18,"column":13},"end":{"line":18,"column":14}},"loc":{"start":{"line":18,"column":35},"end":{"line":25,"column":1}}},"2":{"name":"(anonymous_3)","decl":{"start":{"line":19,"column":19},"end":{"line":19,"column":20}},"loc":{"start":{"line":19,"column":35},"end":{"line":24,"column":3}}},"3":{"name":"(anonymous_4)","decl":{"start":{"line":28,"column":12},"end":{"line":28,"column":13}},"loc":{"start":{"line":28,"column":43},"end":{"line":28,"column":57}}},"4":{"name":"(anonymous_5)","decl":{"start":{"line":31,"column":12},"end":{"line":31,"column":21}},"loc":{"start":{"line":31,"column":24},"end":{"line":31,"column":28}}},"5":{"name":"(anonymous_6)","decl":{"start":{"line":34,"column":24},"end":{"line":34,"column":25}},"loc":{"start":{"line":34,"column":46},"end":{"line":34,"column":78}}},"6":{"name":"(anonymous_7)","decl":{"start":{"line":34,"column":57},"end":{"line":34,"column":58}},"loc":{"start":{"line":34,"column":68},"end":{"line":34,"column":77}}},"7":{"name":"(anonymous_8)","decl":{"start":{"line":37,"column":19},"end":{"line":37,"column":20}},"loc":{"start":{"line":37,"column":41},"end":{"line":37,"column":88}}},"8":{"name":"(anonymous_9)","decl":{"start":{"line":40,"column":21},"end":{"line":40,"column":22}},"loc":{"start":{"line":40,"column":53},"end":{"line":48,"column":1}}},"9":{"name":"(anonymous_10)","decl":{"start":{"line":51,"column":21},"end":{"line":51,"column":22}},"loc":{"start":{"line":51,"column":53},"end":{"line":59,"column":1}}},"10":{"name":"(anonymous_11)","decl":{"start":{"line":62,"column":21},"end":{"line":62,"column":22}},"loc":{"start":{"line":62,"column":53},"end":{"line":65,"column":1}}},"11":{"name":"(anonymous_12)","decl":{"start":{"line":68,"column":21},"end":{"line":68,"column":22}},"loc":{"start":{"line":68,"column":53},"end":{"line":71,"column":1}}}},"branchMap":{"0":{"loc":{"start":{"line":47,"column":2},"end":{"line":47,"column":84}},"type":"if","locations":[{"start":{"line":47,"column":2},"end":{"line":47,"column":84}}]},"1":{"loc":{"start":{"line":58,"column":2},"end":{"line":58,"column":84}},"type":"if","locations":[{"start":{"line":58,"column":2},"end":{"line":58,"column":84}}]}},"s":{"0":3,"1":3,"2":3,"3":3,"4":16,"5":3,"6":16,"7":18,"8":3,"9":34,"10":3,"11":3,"12":3,"13":6,"14":20,"15":3,"16":0,"17":3,"18":9,"19":9,"20":9,"21":0,"22":3,"23":8,"24":8,"25":8,"26":0,"27":3,"28":2,"29":2,"30":3,"31":2,"32":2,"33":3},"f":{"0":16,"1":16,"2":18,"3":34,"4":3,"5":6,"6":20,"7":0,"8":9,"9":8,"10":2,"11":2},"b":{"0":[0],"1":[0]}}
}
