{"/home/damian/proyectos/challenges/RatherLabsChallege/src/config/index.ts": {"path":"/home/damian/proyectos/challenges/RatherLabsChallege/src/config/index.ts","statementMap":{"0":{"start":{"line":1,"column":15},"end":{"line":18,"column":2}},"1":{"start":{"line":20,"column":0},"end":{"line":20,"column":14}}},"fnMap":{},"branchMap":{"0":{"loc":{"start":{"line":8,"column":11},"end":{"line":8,"column":39}},"type":"binary-expr","locations":[{"start":{"line":8,"column":11},"end":{"line":8,"column":33}},{"start":{"line":8,"column":37},"end":{"line":8,"column":39}}]}},"s":{"0":2,"1":2},"f":{},"b":{"0":[2,2]}}
,"/home/damian/proyectos/challenges/RatherLabsChallege/src/consumer/biz/bidasks.ts": {"path":"/home/damian/proyectos/challenges/RatherLabsChallege/src/consumer/biz/bidasks.ts","statementMap":{"0":{"start":{"line":5,"column":0},"end":{"line":5,"column":36}},"1":{"start":{"line":8,"column":23},"end":{"line":14,"column":1}},"2":{"start":{"line":9,"column":2},"end":{"line":13,"column":null}},"3":{"start":{"line":10,"column":4},"end":{"line":10,"column":38}},"4":{"start":{"line":12,"column":4},"end":{"line":12,"column":38}},"5":{"start":{"line":44,"column":2},"end":{"line":44,"column":16}},"6":{"start":{"line":17,"column":23},"end":{"line":25,"column":1}},"7":{"start":{"line":18,"column":2},"end":{"line":20,"column":null}},"8":{"start":{"line":19,"column":4},"end":{"line":19,"column":38}},"9":{"start":{"line":22,"column":2},"end":{"line":24,"column":null}},"10":{"start":{"line":23,"column":4},"end":{"line":23,"column":38}},"11":{"start":{"line":45,"column":2},"end":{"line":45,"column":16}},"12":{"start":{"line":28,"column":20},"end":{"line":40,"column":1}},"13":{"start":{"line":33,"column":6},"end":{"line":33,"column":14}},"14":{"start":{"line":35,"column":2},"end":{"line":35,"column":57}},"15":{"start":{"line":37,"column":2},"end":{"line":37,"column":64}},"16":{"start":{"line":37,"column":17},"end":{"line":37,"column":64}},"17":{"start":{"line":39,"column":2},"end":{"line":39,"column":66}},"18":{"start":{"line":39,"column":19},"end":{"line":39,"column":66}},"19":{"start":{"line":43,"column":2},"end":{"line":43,"column":13}}},"fnMap":{"0":{"name":"(anonymous_1)","decl":{"start":{"line":8,"column":23},"end":{"line":8,"column":24}},"loc":{"start":{"line":8,"column":59},"end":{"line":14,"column":1}}},"1":{"name":"(anonymous_2)","decl":{"start":{"line":17,"column":23},"end":{"line":17,"column":24}},"loc":{"start":{"line":17,"column":59},"end":{"line":25,"column":1}}},"2":{"name":"(anonymous_3)","decl":{"start":{"line":28,"column":20},"end":{"line":28,"column":21}},"loc":{"start":{"line":28,"column":56},"end":{"line":40,"column":1}}}},"branchMap":{"0":{"loc":{"start":{"line":9,"column":2},"end":{"line":13,"column":null}},"type":"if","locations":[{"start":{"line":9,"column":2},"end":{"line":13,"column":null}},{"start":{"line":11,"column":9},"end":{"line":13,"column":null}}]},"1":{"loc":{"start":{"line":18,"column":2},"end":{"line":20,"column":null}},"type":"if","locations":[{"start":{"line":18,"column":2},"end":{"line":20,"column":null}}]},"2":{"loc":{"start":{"line":22,"column":2},"end":{"line":24,"column":null}},"type":"if","locations":[{"start":{"line":22,"column":2},"end":{"line":24,"column":null}}]},"3":{"loc":{"start":{"line":37,"column":2},"end":{"line":37,"column":64}},"type":"if","locations":[{"start":{"line":37,"column":2},"end":{"line":37,"column":64}}]},"4":{"loc":{"start":{"line":39,"column":2},"end":{"line":39,"column":66}},"type":"if","locations":[{"start":{"line":39,"column":2},"end":{"line":39,"column":66}}]}},"s":{"0":1,"1":1,"2":2,"3":1,"4":1,"5":1,"6":1,"7":0,"8":0,"9":0,"10":0,"11":1,"12":1,"13":0,"14":0,"15":0,"16":0,"17":0,"18":0,"19":1},"f":{"0":2,"1":0,"2":0},"b":{"0":[1,1],"1":[0],"2":[0],"3":[0],"4":[0]}}
,"/home/damian/proyectos/challenges/RatherLabsChallege/src/store/book.ts": {"path":"/home/damian/proyectos/challenges/RatherLabsChallege/src/store/book.ts","statementMap":{"0":{"start":{"line":7,"column":0},"end":{"line":7,"column":31}},"1":{"start":{"line":9,"column":17},"end":{"line":9,"column":19}},"2":{"start":{"line":10,"column":21},"end":{"line":10,"column":39}},"3":{"start":{"line":13,"column":14},"end":{"line":15,"column":1}},"4":{"start":{"line":14,"column":2},"end":{"line":14,"column":12}},"5":{"start":{"line":18,"column":13},"end":{"line":25,"column":1}},"6":{"start":{"line":19,"column":2},"end":{"line":24,"column":5}},"7":{"start":{"line":20,"column":4},"end":{"line":23,"column":6}},"8":{"start":{"line":28,"column":12},"end":{"line":28,"column":57}},"9":{"start":{"line":28,"column":43},"end":{"line":28,"column":57}},"10":{"start":{"line":31,"column":12},"end":{"line":31,"column":28}},"11":{"start":{"line":31,"column":24},"end":{"line":31,"column":28}},"12":{"start":{"line":34,"column":24},"end":{"line":34,"column":78}},"13":{"start":{"line":34,"column":46},"end":{"line":34,"column":78}},"14":{"start":{"line":34,"column":68},"end":{"line":34,"column":77}},"15":{"start":{"line":37,"column":19},"end":{"line":37,"column":88}},"16":{"start":{"line":37,"column":41},"end":{"line":37,"column":88}},"17":{"start":{"line":40,"column":21},"end":{"line":48,"column":1}},"18":{"start":{"line":41,"column":30},"end":{"line":41,"column":39}},"19":{"start":{"line":44,"column":2},"end":{"line":44,"column":28}},"20":{"start":{"line":47,"column":2},"end":{"line":47,"column":84}},"21":{"start":{"line":47,"column":40},"end":{"line":47,"column":84}},"22":{"start":{"line":51,"column":21},"end":{"line":59,"column":1}},"23":{"start":{"line":52,"column":30},"end":{"line":52,"column":39}},"24":{"start":{"line":55,"column":2},"end":{"line":55,"column":28}},"25":{"start":{"line":58,"column":2},"end":{"line":58,"column":84}},"26":{"start":{"line":58,"column":40},"end":{"line":58,"column":84}},"27":{"start":{"line":62,"column":21},"end":{"line":65,"column":1}},"28":{"start":{"line":63,"column":30},"end":{"line":63,"column":39}},"29":{"start":{"line":64,"column":2},"end":{"line":64,"column":57}},"30":{"start":{"line":68,"column":21},"end":{"line":71,"column":1}},"31":{"start":{"line":69,"column":30},"end":{"line":69,"column":39}},"32":{"start":{"line":70,"column":2},"end":{"line":70,"column":57}},"33":{"start":{"line":73,"column":0},"end":{"line":84,"column":2}}},"fnMap":{"0":{"name":"(anonymous_1)","decl":{"start":{"line":13,"column":14},"end":{"line":13,"column":17}},"loc":{"start":{"line":13,"column":19},"end":{"line":15,"column":1}}},"1":{"name":"(anonymous_2)","decl":{"start":{"line":18,"column":13},"end":{"line":18,"column":14}},"loc":{"start":{"line":18,"column":35},"end":{"line":25,"column":1}}},"2":{"name":"(anonymous_3)","decl":{"start":{"line":19,"column":19},"end":{"line":19,"column":20}},"loc":{"start":{"line":19,"column":35},"end":{"line":24,"column":3}}},"3":{"name":"(anonymous_4)","decl":{"start":{"line":28,"column":12},"end":{"line":28,"column":13}},"loc":{"start":{"line":28,"column":43},"end":{"line":28,"column":57}}},"4":{"name":"(anonymous_5)","decl":{"start":{"line":31,"column":12},"end":{"line":31,"column":21}},"loc":{"start":{"line":31,"column":24},"end":{"line":31,"column":28}}},"5":{"name":"(anonymous_6)","decl":{"start":{"line":34,"column":24},"end":{"line":34,"column":25}},"loc":{"start":{"line":34,"column":46},"end":{"line":34,"column":78}}},"6":{"name":"(anonymous_7)","decl":{"start":{"line":34,"column":57},"end":{"line":34,"column":58}},"loc":{"start":{"line":34,"column":68},"end":{"line":34,"column":77}}},"7":{"name":"(anonymous_8)","decl":{"start":{"line":37,"column":19},"end":{"line":37,"column":20}},"loc":{"start":{"line":37,"column":41},"end":{"line":37,"column":88}}},"8":{"name":"(anonymous_9)","decl":{"start":{"line":40,"column":21},"end":{"line":40,"column":22}},"loc":{"start":{"line":40,"column":53},"end":{"line":48,"column":1}}},"9":{"name":"(anonymous_10)","decl":{"start":{"line":51,"column":21},"end":{"line":51,"column":22}},"loc":{"start":{"line":51,"column":53},"end":{"line":59,"column":1}}},"10":{"name":"(anonymous_11)","decl":{"start":{"line":62,"column":21},"end":{"line":62,"column":22}},"loc":{"start":{"line":62,"column":53},"end":{"line":65,"column":1}}},"11":{"name":"(anonymous_12)","decl":{"start":{"line":68,"column":21},"end":{"line":68,"column":22}},"loc":{"start":{"line":68,"column":53},"end":{"line":71,"column":1}}}},"branchMap":{"0":{"loc":{"start":{"line":47,"column":2},"end":{"line":47,"column":84}},"type":"if","locations":[{"start":{"line":47,"column":2},"end":{"line":47,"column":84}}]},"1":{"loc":{"start":{"line":58,"column":2},"end":{"line":58,"column":84}},"type":"if","locations":[{"start":{"line":58,"column":2},"end":{"line":58,"column":84}}]}},"s":{"0":2,"1":2,"2":2,"3":2,"4":10,"5":2,"6":10,"7":12,"8":2,"9":19,"10":2,"11":3,"12":2,"13":4,"14":16,"15":2,"16":0,"17":2,"18":5,"19":5,"20":5,"21":0,"22":2,"23":5,"24":5,"25":5,"26":0,"27":2,"28":1,"29":1,"30":2,"31":1,"32":1,"33":2},"f":{"0":10,"1":10,"2":12,"3":19,"4":3,"5":4,"6":16,"7":0,"8":5,"9":5,"10":1,"11":1},"b":{"0":[0],"1":[0]}}
}
