TN:
SF:src/config/index.ts
FNF:0
FNH:0
DA:1,2
DA:20,2
LF:2
LH:2
BRDA:8,0,0,2
BRDA:8,0,1,2
BRF:2
BRH:2
end_of_record
TN:
SF:src/consumer/biz/bidasks.ts
FN:8,(anonymous_1)
FN:17,(anonymous_2)
FN:28,(anonymous_3)
FNF:3
FNH:1
FNDA:2,(anonymous_1)
FNDA:0,(anonymous_2)
FNDA:0,(anonymous_3)
DA:5,1
DA:8,1
DA:9,2
DA:10,1
DA:12,1
DA:17,1
DA:18,0
DA:19,0
DA:22,0
DA:23,0
DA:28,1
DA:33,0
DA:35,0
DA:37,0
DA:39,0
DA:43,1
DA:44,1
DA:45,1
LF:18
LH:10
BRDA:9,0,0,1
BRDA:9,0,1,1
BRDA:18,1,0,0
BRDA:22,2,0,0
BRDA:37,3,0,0
BRDA:39,4,0,0
BRF:6
BRH:2
end_of_record
TN:
SF:src/store/book.ts
FN:13,(anonymous_1)
FN:18,(anonymous_2)
FN:19,(anonymous_3)
FN:28,(anonymous_4)
FN:31,(anonymous_5)
FN:34,(anonymous_6)
FN:34,(anonymous_7)
FN:37,(anonymous_8)
FN:40,(anonymous_9)
FN:51,(anonymous_10)
FN:62,(anonymous_11)
FN:68,(anonymous_12)
FNF:12
FNH:11
FNDA:10,(anonymous_1)
FNDA:10,(anonymous_2)
FNDA:12,(anonymous_3)
FNDA:19,(anonymous_4)
FNDA:3,(anonymous_5)
FNDA:4,(anonymous_6)
FNDA:16,(anonymous_7)
FNDA:0,(anonymous_8)
FNDA:5,(anonymous_9)
FNDA:5,(anonymous_10)
FNDA:1,(anonymous_11)
FNDA:1,(anonymous_12)
DA:7,2
DA:9,2
DA:10,2
DA:13,2
DA:14,10
DA:18,2
DA:19,10
DA:20,12
DA:28,19
DA:31,3
DA:34,16
DA:37,2
DA:40,2
DA:41,5
DA:44,5
DA:47,5
DA:51,2
DA:52,5
DA:55,5
DA:58,5
DA:62,2
DA:63,1
DA:64,1
DA:68,2
DA:69,1
DA:70,1
DA:73,2
LF:27
LH:27
BRDA:47,0,0,0
BRDA:58,1,0,0
BRF:2
BRH:0
end_of_record
