TN:
SF:src/config/index.ts
FNF:0
FNH:0
DA:1,3
DA:20,3
LF:2
LH:2
BRDA:8,0,0,3
BRDA:8,0,1,3
BRF:2
BRH:2
end_of_record
TN:
SF:src/consumer/listener.ts
FN:24,(anonymous_1)
FN:42,(anonymous_2)
FN:50,(anonymous_3)
FNF:3
FNH:2
FNDA:2,(anonymous_1)
FNDA:1,(anonymous_2)
FNDA:0,(anonymous_3)
DA:5,1
DA:11,1
DA:15,1
DA:19,1
DA:24,1
DA:28,2
DA:31,2
DA:34,2
DA:35,0
DA:36,0
DA:40,2
DA:41,1
DA:42,1
DA:43,1
DA:46,1
DA:50,1
DA:51,0
DA:55,0
DA:57,0
DA:59,0
DA:60,0
DA:61,0
DA:63,0
DA:66,0
DA:71,1
DA:72,1
LF:26
LH:16
BRDA:34,0,0,0
BRDA:40,1,0,1
BRDA:40,2,0,2
BRDA:40,2,1,2
BRDA:59,3,0,0
BRDA:59,3,1,0
BRF:6
BRH:3
end_of_record
TN:
SF:src/consumer/biz/bidasks.ts
FN:8,(anonymous_1)
FN:17,(anonymous_2)
FN:28,(anonymous_3)
FNF:3
FNH:3
FNDA:8,(anonymous_1)
FNDA:3,(anonymous_2)
FNDA:3,(anonymous_3)
DA:5,2
DA:8,2
DA:9,8
DA:10,5
DA:12,3
DA:17,2
DA:18,3
DA:19,1
DA:22,3
DA:23,1
DA:28,2
DA:33,3
DA:35,3
DA:37,3
DA:39,3
DA:43,2
DA:44,2
DA:45,2
LF:18
LH:18
BRDA:9,0,0,5
BRDA:9,0,1,3
BRDA:18,1,0,1
BRDA:22,2,0,1
BRDA:37,3,0,2
BRDA:39,4,0,1
BRF:6
BRH:6
end_of_record
TN:
SF:src/consumer/message/parsers.ts
FN:11,(anonymous_0)
FN:18,(anonymous_1)
FN:20,(anonymous_2)
FN:23,(anonymous_3)
FNF:4
FNH:4
FNDA:5,(anonymous_0)
FNDA:3,(anonymous_1)
FNDA:2,(anonymous_2)
FNDA:1,(anonymous_3)
DA:6,2
DA:11,5
DA:18,3
DA:20,2
DA:23,2
DA:30,2
DA:31,2
DA:32,2
LF:8
LH:8
BRDA:18,0,0,2
BRDA:18,0,1,1
BRF:2
BRH:2
end_of_record
TN:
SF:src/consumer/message/validators.ts
FN:2,(anonymous_0)
FN:9,(anonymous_1)
FN:14,(anonymous_2)
FNF:3
FNH:3
FNDA:11,(anonymous_0)
FNDA:3,(anonymous_1)
FNDA:4,(anonymous_2)
DA:2,11
DA:9,3
DA:11,3
DA:14,4
DA:16,1
DA:20,3
DA:21,3
LF:7
LH:7
BRDA:2,0,0,11
BRDA:2,0,1,11
BRDA:2,0,2,7
BRDA:2,0,3,7
BRDA:2,0,4,7
BRDA:11,1,0,1
BRDA:11,2,0,3
BRDA:11,2,1,3
BRDA:11,2,2,3
BRDA:14,3,0,1
BRDA:14,4,0,2
BRDA:14,4,1,2
BRF:12
BRH:12
end_of_record
TN:
SF:src/store/book.ts
FN:13,(anonymous_1)
FN:18,(anonymous_2)
FN:19,(anonymous_3)
FN:28,(anonymous_4)
FN:31,(anonymous_5)
FN:34,(anonymous_6)
FN:34,(anonymous_7)
FN:37,(anonymous_8)
FN:40,(anonymous_9)
FN:51,(anonymous_10)
FN:62,(anonymous_11)
FN:68,(anonymous_12)
FNF:12
FNH:11
FNDA:16,(anonymous_1)
FNDA:16,(anonymous_2)
FNDA:18,(anonymous_3)
FNDA:34,(anonymous_4)
FNDA:3,(anonymous_5)
FNDA:6,(anonymous_6)
FNDA:20,(anonymous_7)
FNDA:0,(anonymous_8)
FNDA:9,(anonymous_9)
FNDA:8,(anonymous_10)
FNDA:2,(anonymous_11)
FNDA:2,(anonymous_12)
DA:7,3
DA:9,3
DA:10,3
DA:13,3
DA:14,16
DA:18,3
DA:19,16
DA:20,18
DA:28,34
DA:31,3
DA:34,20
DA:37,3
DA:40,3
DA:41,9
DA:44,9
DA:47,9
DA:51,3
DA:52,8
DA:55,8
DA:58,8
DA:62,3
DA:63,2
DA:64,2
DA:68,3
DA:69,2
DA:70,2
DA:73,3
LF:27
LH:27
BRDA:47,0,0,0
BRDA:58,1,0,0
BRF:2
BRH:0
end_of_record
